{"C:\\Users\\GGPC\\Documents\\MissionReady\\Level5\\mission4\\Mission-4-LV5-ADV\\src\\controller\\riskratingController.ts": {"path":"C:\\Users\\GGPC\\Documents\\MissionReady\\Level5\\mission4\\Mission-4-LV5-ADV\\src\\controller\\riskratingController.ts","statementMap":{"0":{"start":{"line":2,"column":0},"end":{"line":2,"column":55}},"1":{"start":{"line":4,"column":28},"end":{"line":7,"column":1}},"2":{"start":{"line":5,"column":16},"end":{"line":5,"column":42}},"3":{"start":{"line":6,"column":2},"end":{"line":6,"column":18}},"4":{"start":{"line":4,"column":13},"end":{"line":4,"column":28}},"5":{"start":{"line":9,"column":30},"end":{"line":18,"column":1}},"6":{"start":{"line":10,"column":16},"end":{"line":10,"column":30}},"7":{"start":{"line":11,"column":4},"end":{"line":13,"column":null}},"8":{"start":{"line":12,"column":4},"end":{"line":12,"column":56}},"9":{"start":{"line":15,"column":19},"end":{"line":15,"column":52}},"10":{"start":{"line":17,"column":2},"end":{"line":17,"column":33}},"11":{"start":{"line":9,"column":13},"end":{"line":9,"column":30}},"12":{"start":{"line":20,"column":27},"end":{"line":29,"column":1}},"13":{"start":{"line":21,"column":17},"end":{"line":21,"column":40}},"14":{"start":{"line":23,"column":2},"end":{"line":28,"column":null}},"15":{"start":{"line":24,"column":24},"end":{"line":24,"column":55}},"16":{"start":{"line":25,"column":4},"end":{"line":25,"column":26}},"17":{"start":{"line":27,"column":4},"end":{"line":27,"column":28}},"18":{"start":{"line":20,"column":13},"end":{"line":20,"column":27}},"19":{"start":{"line":31,"column":27},"end":{"line":44,"column":1}},"20":{"start":{"line":32,"column":18},"end":{"line":32,"column":41}},"21":{"start":{"line":34,"column":2},"end":{"line":43,"column":null}},"22":{"start":{"line":35,"column":23},"end":{"line":35,"column":55}},"23":{"start":{"line":36,"column":4},"end":{"line":40,"column":null}},"24":{"start":{"line":37,"column":6},"end":{"line":37,"column":69}},"25":{"start":{"line":39,"column":6},"end":{"line":39,"column":63}},"26":{"start":{"line":42,"column":4},"end":{"line":42,"column":28}},"27":{"start":{"line":31,"column":13},"end":{"line":31,"column":27}},"28":{"start":{"line":46,"column":27},"end":{"line":62,"column":1}},"29":{"start":{"line":47,"column":17},"end":{"line":47,"column":40}},"30":{"start":{"line":49,"column":16},"end":{"line":49,"column":30}},"31":{"start":{"line":50,"column":21},"end":{"line":50,"column":40}},"32":{"start":{"line":52,"column":2},"end":{"line":61,"column":null}},"33":{"start":{"line":53,"column":25},"end":{"line":57,"column":6}},"34":{"start":{"line":58,"column":4},"end":{"line":58,"column":27}},"35":{"start":{"line":60,"column":4},"end":{"line":60,"column":28}},"36":{"start":{"line":46,"column":13},"end":{"line":46,"column":27}},"37":{"start":{"line":64,"column":34},"end":{"line":80,"column":1}},"38":{"start":{"line":65,"column":17},"end":{"line":65,"column":40}},"39":{"start":{"line":67,"column":16},"end":{"line":67,"column":30}},"40":{"start":{"line":68,"column":21},"end":{"line":68,"column":40}},"41":{"start":{"line":70,"column":2},"end":{"line":79,"column":null}},"42":{"start":{"line":71,"column":25},"end":{"line":75,"column":6}},"43":{"start":{"line":76,"column":4},"end":{"line":76,"column":27}},"44":{"start":{"line":78,"column":4},"end":{"line":78,"column":28}},"45":{"start":{"line":64,"column":13},"end":{"line":64,"column":34}}},"fnMap":{"0":{"name":"(anonymous_6)","decl":{"start":{"line":4,"column":28},"end":{"line":4,"column":29}},"loc":{"start":{"line":4,"column":60},"end":{"line":7,"column":1}}},"1":{"name":"(anonymous_7)","decl":{"start":{"line":9,"column":30},"end":{"line":9,"column":31}},"loc":{"start":{"line":9,"column":62},"end":{"line":18,"column":1}}},"2":{"name":"(anonymous_8)","decl":{"start":{"line":20,"column":27},"end":{"line":20,"column":28}},"loc":{"start":{"line":20,"column":59},"end":{"line":29,"column":1}}},"3":{"name":"(anonymous_9)","decl":{"start":{"line":31,"column":27},"end":{"line":31,"column":28}},"loc":{"start":{"line":31,"column":59},"end":{"line":44,"column":1}}},"4":{"name":"(anonymous_10)","decl":{"start":{"line":46,"column":27},"end":{"line":46,"column":28}},"loc":{"start":{"line":46,"column":59},"end":{"line":62,"column":1}}},"5":{"name":"(anonymous_11)","decl":{"start":{"line":64,"column":34},"end":{"line":64,"column":35}},"loc":{"start":{"line":64,"column":66},"end":{"line":80,"column":1}}}},"branchMap":{"0":{"loc":{"start":{"line":11,"column":4},"end":{"line":13,"column":null}},"type":"if","locations":[{"start":{"line":11,"column":4},"end":{"line":13,"column":null}}]},"1":{"loc":{"start":{"line":36,"column":4},"end":{"line":40,"column":null}},"type":"if","locations":[{"start":{"line":36,"column":4},"end":{"line":40,"column":null}},{"start":{"line":38,"column":11},"end":{"line":40,"column":null}}]}},"s":{"0":1,"1":1,"2":1,"3":1,"4":1,"5":1,"6":0,"7":0,"8":0,"9":0,"10":0,"11":1,"12":1,"13":2,"14":2,"15":2,"16":1,"17":1,"18":1,"19":1,"20":2,"21":2,"22":2,"23":1,"24":1,"25":0,"26":1,"27":1,"28":1,"29":2,"30":2,"31":2,"32":2,"33":2,"34":1,"35":1,"36":1,"37":1,"38":2,"39":2,"40":2,"41":2,"42":2,"43":1,"44":1,"45":1},"f":{"0":1,"1":0,"2":2,"3":2,"4":2,"5":2},"b":{"0":[0],"1":[1,0]}}
,"C:\\Users\\GGPC\\Documents\\MissionReady\\Level5\\mission4\\Mission-4-LV5-ADV\\src\\services\\riskService.ts": {"path":"C:\\Users\\GGPC\\Documents\\MissionReady\\Level5\\mission4\\Mission-4-LV5-ADV\\src\\services\\riskService.ts","statementMap":{"0":{"start":{"line":3,"column":13},"end":{"line":14,"column":2}},"1":{"start":{"line":16,"column":28},"end":{"line":18,"column":1}},"2":{"start":{"line":17,"column":2},"end":{"line":17,"column":16}},"3":{"start":{"line":16,"column":13},"end":{"line":16,"column":28}},"4":{"start":{"line":20,"column":30},"end":{"line":39,"column":1}},"5":{"start":{"line":21,"column":24},"end":{"line":21,"column":62}},"6":{"start":{"line":23,"column":2},"end":{"line":25,"column":null}},"7":{"start":{"line":24,"column":4},"end":{"line":24,"column":46}},"8":{"start":{"line":27,"column":18},"end":{"line":27,"column":44}},"9":{"start":{"line":28,"column":17},"end":{"line":28,"column":45}},"10":{"start":{"line":30,"column":19},"end":{"line":34,"column":4}},"11":{"start":{"line":36,"column":2},"end":{"line":36,"column":24}},"12":{"start":{"line":38,"column":2},"end":{"line":38,"column":18}},"13":{"start":{"line":20,"column":13},"end":{"line":20,"column":30}},"14":{"start":{"line":41,"column":27},"end":{"line":49,"column":1}},"15":{"start":{"line":42,"column":23},"end":{"line":42,"column":59}},"16":{"start":{"line":42,"column":42},"end":{"line":42,"column":58}},"17":{"start":{"line":44,"column":2},"end":{"line":46,"column":null}},"18":{"start":{"line":45,"column":4},"end":{"line":45,"column":39}},"19":{"start":{"line":48,"column":2},"end":{"line":48,"column":22}},"20":{"start":{"line":41,"column":13},"end":{"line":41,"column":27}},"21":{"start":{"line":51,"column":27},"end":{"line":60,"column":1}},"22":{"start":{"line":52,"column":23},"end":{"line":52,"column":59}},"23":{"start":{"line":52,"column":42},"end":{"line":52,"column":58}},"24":{"start":{"line":54,"column":2},"end":{"line":56,"column":null}},"25":{"start":{"line":55,"column":4},"end":{"line":55,"column":39}},"26":{"start":{"line":58,"column":2},"end":{"line":58,"column":50}},"27":{"start":{"line":58,"column":32},"end":{"line":58,"column":48}},"28":{"start":{"line":59,"column":2},"end":{"line":59,"column":14}},"29":{"start":{"line":51,"column":13},"end":{"line":51,"column":27}},"30":{"start":{"line":62,"column":27},"end":{"line":73,"column":1}},"31":{"start":{"line":63,"column":23},"end":{"line":63,"column":62}},"32":{"start":{"line":63,"column":42},"end":{"line":63,"column":61}},"33":{"start":{"line":65,"column":2},"end":{"line":67,"column":null}},"34":{"start":{"line":66,"column":4},"end":{"line":66,"column":39}},"35":{"start":{"line":69,"column":2},"end":{"line":69,"column":37}},"36":{"start":{"line":70,"column":2},"end":{"line":70,"column":47}},"37":{"start":{"line":72,"column":2},"end":{"line":72,"column":22}},"38":{"start":{"line":62,"column":13},"end":{"line":62,"column":27}},"39":{"start":{"line":75,"column":34},"end":{"line":86,"column":1}},"40":{"start":{"line":76,"column":23},"end":{"line":76,"column":62}},"41":{"start":{"line":76,"column":42},"end":{"line":76,"column":61}},"42":{"start":{"line":78,"column":2},"end":{"line":80,"column":null}},"43":{"start":{"line":79,"column":4},"end":{"line":79,"column":39}},"44":{"start":{"line":82,"column":2},"end":{"line":82,"column":59}},"45":{"start":{"line":83,"column":2},"end":{"line":83,"column":74}},"46":{"start":{"line":85,"column":2},"end":{"line":85,"column":22}},"47":{"start":{"line":75,"column":13},"end":{"line":75,"column":34}}},"fnMap":{"0":{"name":"(anonymous_0)","decl":{"start":{"line":16,"column":28},"end":{"line":16,"column":31}},"loc":{"start":{"line":16,"column":33},"end":{"line":18,"column":1}}},"1":{"name":"(anonymous_1)","decl":{"start":{"line":20,"column":30},"end":{"line":20,"column":31}},"loc":{"start":{"line":20,"column":48},"end":{"line":39,"column":1}}},"2":{"name":"(anonymous_2)","decl":{"start":{"line":41,"column":27},"end":{"line":41,"column":28}},"loc":{"start":{"line":41,"column":47},"end":{"line":49,"column":1}}},"3":{"name":"(anonymous_3)","decl":{"start":{"line":42,"column":35},"end":{"line":42,"column":36}},"loc":{"start":{"line":42,"column":42},"end":{"line":42,"column":58}}},"4":{"name":"(anonymous_4)","decl":{"start":{"line":51,"column":27},"end":{"line":51,"column":28}},"loc":{"start":{"line":51,"column":47},"end":{"line":60,"column":1}}},"5":{"name":"(anonymous_5)","decl":{"start":{"line":52,"column":35},"end":{"line":52,"column":36}},"loc":{"start":{"line":52,"column":42},"end":{"line":52,"column":58}}},"6":{"name":"(anonymous_6)","decl":{"start":{"line":58,"column":25},"end":{"line":58,"column":26}},"loc":{"start":{"line":58,"column":32},"end":{"line":58,"column":48}}},"7":{"name":"(anonymous_7)","decl":{"start":{"line":62,"column":27},"end":{"line":62,"column":28}},"loc":{"start":{"line":62,"column":50},"end":{"line":73,"column":1}}},"8":{"name":"(anonymous_8)","decl":{"start":{"line":63,"column":35},"end":{"line":63,"column":36}},"loc":{"start":{"line":63,"column":42},"end":{"line":63,"column":61}}},"9":{"name":"(anonymous_9)","decl":{"start":{"line":75,"column":34},"end":{"line":75,"column":35}},"loc":{"start":{"line":75,"column":57},"end":{"line":86,"column":1}}},"10":{"name":"(anonymous_10)","decl":{"start":{"line":76,"column":35},"end":{"line":76,"column":36}},"loc":{"start":{"line":76,"column":42},"end":{"line":76,"column":61}}}},"branchMap":{"0":{"loc":{"start":{"line":23,"column":2},"end":{"line":25,"column":null}},"type":"if","locations":[{"start":{"line":23,"column":2},"end":{"line":25,"column":null}}]},"1":{"loc":{"start":{"line":28,"column":17},"end":{"line":28,"column":45}},"type":"cond-expr","locations":[{"start":{"line":28,"column":27},"end":{"line":28,"column":41}},{"start":{"line":28,"column":44},"end":{"line":28,"column":45}}]},"2":{"loc":{"start":{"line":44,"column":2},"end":{"line":46,"column":null}},"type":"if","locations":[{"start":{"line":44,"column":2},"end":{"line":46,"column":null}}]},"3":{"loc":{"start":{"line":54,"column":2},"end":{"line":56,"column":null}},"type":"if","locations":[{"start":{"line":54,"column":2},"end":{"line":56,"column":null}}]},"4":{"loc":{"start":{"line":65,"column":2},"end":{"line":67,"column":null}},"type":"if","locations":[{"start":{"line":65,"column":2},"end":{"line":67,"column":null}}]},"5":{"loc":{"start":{"line":78,"column":2},"end":{"line":80,"column":null}},"type":"if","locations":[{"start":{"line":78,"column":2},"end":{"line":80,"column":null}}]},"6":{"loc":{"start":{"line":82,"column":23},"end":{"line":82,"column":58}},"type":"cond-expr","locations":[{"start":{"line":82,"column":36},"end":{"line":82,"column":40}},{"start":{"line":82,"column":40},"end":{"line":82,"column":58}}]},"7":{"loc":{"start":{"line":82,"column":23},"end":{"line":82,"column":40}},"type":"binary-expr","locations":[{"start":{"line":82,"column":23},"end":{"line":82,"column":40}},{"start":{"line":82,"column":36},"end":{"line":82,"column":40}}]},"8":{"loc":{"start":{"line":83,"column":28},"end":{"line":83,"column":73}},"type":"cond-expr","locations":[{"start":{"line":83,"column":46},"end":{"line":83,"column":50}},{"start":{"line":83,"column":50},"end":{"line":83,"column":73}}]},"9":{"loc":{"start":{"line":83,"column":28},"end":{"line":83,"column":50}},"type":"binary-expr","locations":[{"start":{"line":83,"column":28},"end":{"line":83,"column":50}},{"start":{"line":83,"column":46},"end":{"line":83,"column":50}}]}},"s":{"0":2,"1":2,"2":3,"3":2,"4":2,"5":2,"6":2,"7":1,"8":1,"9":1,"10":1,"11":1,"12":1,"13":2,"14":2,"15":6,"16":10,"17":6,"18":2,"19":4,"20":2,"21":2,"22":4,"23":6,"24":4,"25":2,"26":2,"27":5,"28":2,"29":2,"30":2,"31":4,"32":5,"33":4,"34":2,"35":2,"36":2,"37":2,"38":2,"39":2,"40":4,"41":5,"42":4,"43":2,"44":2,"45":2,"46":2,"47":2},"f":{"0":3,"1":2,"2":6,"3":10,"4":4,"5":6,"6":5,"7":4,"8":5,"9":4,"10":5},"b":{"0":[1],"1":[1,0],"2":[2],"3":[2],"4":[2],"5":[2],"6":[2,0],"7":[2,2],"8":[1,1],"9":[2,2]}}
}
