{"C:\\Users\\GGPC\\Documents\\MissionReady\\Level5\\mission4\\riskrating\\src\\services\\riskService.ts": {"path":"C:\\Users\\GGPC\\Documents\\MissionReady\\Level5\\mission4\\riskrating\\src\\services\\riskService.ts","statementMap":{"0":{"start":{"line":3,"column":13},"end":{"line":9,"column":2}},"1":{"start":{"line":11,"column":28},"end":{"line":13,"column":1}},"2":{"start":{"line":12,"column":2},"end":{"line":12,"column":16}},"3":{"start":{"line":11,"column":13},"end":{"line":11,"column":28}},"4":{"start":{"line":15,"column":30},"end":{"line":25,"column":1}},"5":{"start":{"line":16,"column":19},"end":{"line":20,"column":4}},"6":{"start":{"line":22,"column":2},"end":{"line":22,"column":24}},"7":{"start":{"line":24,"column":2},"end":{"line":24,"column":18}},"8":{"start":{"line":15,"column":13},"end":{"line":15,"column":30}},"9":{"start":{"line":27,"column":27},"end":{"line":35,"column":1}},"10":{"start":{"line":28,"column":23},"end":{"line":28,"column":59}},"11":{"start":{"line":28,"column":42},"end":{"line":28,"column":58}},"12":{"start":{"line":30,"column":2},"end":{"line":32,"column":null}},"13":{"start":{"line":31,"column":4},"end":{"line":31,"column":39}},"14":{"start":{"line":34,"column":2},"end":{"line":34,"column":22}},"15":{"start":{"line":27,"column":13},"end":{"line":27,"column":27}},"16":{"start":{"line":37,"column":27},"end":{"line":46,"column":1}},"17":{"start":{"line":38,"column":23},"end":{"line":38,"column":59}},"18":{"start":{"line":38,"column":42},"end":{"line":38,"column":58}},"19":{"start":{"line":40,"column":2},"end":{"line":42,"column":null}},"20":{"start":{"line":41,"column":4},"end":{"line":41,"column":39}},"21":{"start":{"line":44,"column":2},"end":{"line":44,"column":50}},"22":{"start":{"line":44,"column":32},"end":{"line":44,"column":48}},"23":{"start":{"line":45,"column":2},"end":{"line":45,"column":14}},"24":{"start":{"line":37,"column":13},"end":{"line":37,"column":27}},"25":{"start":{"line":48,"column":27},"end":{"line":59,"column":1}},"26":{"start":{"line":49,"column":23},"end":{"line":49,"column":62}},"27":{"start":{"line":49,"column":42},"end":{"line":49,"column":61}},"28":{"start":{"line":51,"column":2},"end":{"line":53,"column":null}},"29":{"start":{"line":52,"column":4},"end":{"line":52,"column":39}},"30":{"start":{"line":55,"column":2},"end":{"line":55,"column":37}},"31":{"start":{"line":56,"column":2},"end":{"line":56,"column":47}},"32":{"start":{"line":58,"column":2},"end":{"line":58,"column":22}},"33":{"start":{"line":48,"column":13},"end":{"line":48,"column":27}},"34":{"start":{"line":61,"column":34},"end":{"line":72,"column":1}},"35":{"start":{"line":62,"column":23},"end":{"line":62,"column":62}},"36":{"start":{"line":62,"column":42},"end":{"line":62,"column":61}},"37":{"start":{"line":64,"column":2},"end":{"line":66,"column":null}},"38":{"start":{"line":65,"column":4},"end":{"line":65,"column":39}},"39":{"start":{"line":68,"column":2},"end":{"line":68,"column":59}},"40":{"start":{"line":69,"column":2},"end":{"line":69,"column":74}},"41":{"start":{"line":71,"column":2},"end":{"line":71,"column":22}},"42":{"start":{"line":61,"column":13},"end":{"line":61,"column":34}}},"fnMap":{"0":{"name":"(anonymous_0)","decl":{"start":{"line":11,"column":28},"end":{"line":11,"column":31}},"loc":{"start":{"line":11,"column":33},"end":{"line":13,"column":1}}},"1":{"name":"(anonymous_1)","decl":{"start":{"line":15,"column":30},"end":{"line":15,"column":31}},"loc":{"start":{"line":15,"column":68},"end":{"line":25,"column":1}}},"2":{"name":"(anonymous_2)","decl":{"start":{"line":27,"column":27},"end":{"line":27,"column":28}},"loc":{"start":{"line":27,"column":47},"end":{"line":35,"column":1}}},"3":{"name":"(anonymous_3)","decl":{"start":{"line":28,"column":35},"end":{"line":28,"column":36}},"loc":{"start":{"line":28,"column":42},"end":{"line":28,"column":58}}},"4":{"name":"(anonymous_4)","decl":{"start":{"line":37,"column":27},"end":{"line":37,"column":28}},"loc":{"start":{"line":37,"column":47},"end":{"line":46,"column":1}}},"5":{"name":"(anonymous_5)","decl":{"start":{"line":38,"column":35},"end":{"line":38,"column":36}},"loc":{"start":{"line":38,"column":42},"end":{"line":38,"column":58}}},"6":{"name":"(anonymous_6)","decl":{"start":{"line":44,"column":25},"end":{"line":44,"column":26}},"loc":{"start":{"line":44,"column":32},"end":{"line":44,"column":48}}},"7":{"name":"(anonymous_7)","decl":{"start":{"line":48,"column":27},"end":{"line":48,"column":28}},"loc":{"start":{"line":48,"column":50},"end":{"line":59,"column":1}}},"8":{"name":"(anonymous_8)","decl":{"start":{"line":49,"column":35},"end":{"line":49,"column":36}},"loc":{"start":{"line":49,"column":42},"end":{"line":49,"column":61}}},"9":{"name":"(anonymous_9)","decl":{"start":{"line":61,"column":34},"end":{"line":61,"column":35}},"loc":{"start":{"line":61,"column":57},"end":{"line":72,"column":1}}},"10":{"name":"(anonymous_10)","decl":{"start":{"line":62,"column":35},"end":{"line":62,"column":36}},"loc":{"start":{"line":62,"column":42},"end":{"line":62,"column":61}}}},"branchMap":{"0":{"loc":{"start":{"line":30,"column":2},"end":{"line":32,"column":null}},"type":"if","locations":[{"start":{"line":30,"column":2},"end":{"line":32,"column":null}}]},"1":{"loc":{"start":{"line":40,"column":2},"end":{"line":42,"column":null}},"type":"if","locations":[{"start":{"line":40,"column":2},"end":{"line":42,"column":null}}]},"2":{"loc":{"start":{"line":51,"column":2},"end":{"line":53,"column":null}},"type":"if","locations":[{"start":{"line":51,"column":2},"end":{"line":53,"column":null}}]},"3":{"loc":{"start":{"line":64,"column":2},"end":{"line":66,"column":null}},"type":"if","locations":[{"start":{"line":64,"column":2},"end":{"line":66,"column":null}}]},"4":{"loc":{"start":{"line":68,"column":23},"end":{"line":68,"column":58}},"type":"cond-expr","locations":[{"start":{"line":68,"column":36},"end":{"line":68,"column":40}},{"start":{"line":68,"column":40},"end":{"line":68,"column":58}}]},"5":{"loc":{"start":{"line":68,"column":23},"end":{"line":68,"column":40}},"type":"binary-expr","locations":[{"start":{"line":68,"column":23},"end":{"line":68,"column":40}},{"start":{"line":68,"column":36},"end":{"line":68,"column":40}}]},"6":{"loc":{"start":{"line":69,"column":28},"end":{"line":69,"column":73}},"type":"cond-expr","locations":[{"start":{"line":69,"column":46},"end":{"line":69,"column":50}},{"start":{"line":69,"column":50},"end":{"line":69,"column":73}}]},"7":{"loc":{"start":{"line":69,"column":28},"end":{"line":69,"column":50}},"type":"binary-expr","locations":[{"start":{"line":69,"column":28},"end":{"line":69,"column":50}},{"start":{"line":69,"column":46},"end":{"line":69,"column":50}}]}},"s":{"0":1,"1":1,"2":1,"3":1,"4":1,"5":1,"6":1,"7":1,"8":1,"9":1,"10":1,"11":2,"12":1,"13":0,"14":1,"15":1,"16":1,"17":0,"18":0,"19":0,"20":0,"21":0,"22":0,"23":0,"24":1,"25":1,"26":0,"27":0,"28":0,"29":0,"30":0,"31":0,"32":0,"33":1,"34":1,"35":0,"36":0,"37":0,"38":0,"39":0,"40":0,"41":0,"42":1},"f":{"0":1,"1":1,"2":1,"3":2,"4":0,"5":0,"6":0,"7":0,"8":0,"9":0,"10":0},"b":{"0":[0],"1":[0],"2":[0],"3":[0],"4":[0,0],"5":[0,0],"6":[0,0],"7":[0,0]}}
}
