TN:
SF:src\services\riskService.ts
FN:11,(anonymous_0)
FN:15,(anonymous_1)
FN:27,(anonymous_2)
FN:28,(anonymous_3)
FN:37,(anonymous_4)
FN:38,(anonymous_5)
FN:44,(anonymous_6)
FN:48,(anonymous_7)
FN:49,(anonymous_8)
FN:61,(anonymous_9)
FN:62,(anonymous_10)
FNF:11
FNH:4
FNDA:1,(anonymous_0)
FNDA:1,(anonymous_1)
FNDA:1,(anonymous_2)
FNDA:2,(anonymous_3)
FNDA:0,(anonymous_4)
FNDA:0,(anonymous_5)
FNDA:0,(anonymous_6)
FNDA:0,(anonymous_7)
FNDA:0,(anonymous_8)
FNDA:0,(anonymous_9)
FNDA:0,(anonymous_10)
DA:3,1
DA:11,1
DA:12,1
DA:15,1
DA:16,1
DA:22,1
DA:24,1
DA:27,1
DA:28,2
DA:30,1
DA:31,0
DA:34,1
DA:37,1
DA:38,0
DA:40,0
DA:41,0
DA:44,0
DA:45,0
DA:48,1
DA:49,0
DA:51,0
DA:52,0
DA:55,0
DA:56,0
DA:58,0
DA:61,1
DA:62,0
DA:64,0
DA:65,0
DA:68,0
DA:69,0
DA:71,0
LF:32
LH:14
BRDA:30,0,0,0
BRDA:40,1,0,0
BRDA:51,2,0,0
BRDA:64,3,0,0
BRDA:68,4,0,0
BRDA:68,4,1,0
BRDA:68,5,0,0
BRDA:68,5,1,0
BRDA:69,6,0,0
BRDA:69,6,1,0
BRDA:69,7,0,0
BRDA:69,7,1,0
BRF:12
BRH:0
end_of_record
