TN:
SF:src\controller\riskratingController.ts
FN:4,(anonymous_6)
FN:9,(anonymous_7)
FN:20,(anonymous_8)
FN:31,(anonymous_9)
FN:46,(anonymous_10)
FN:64,(anonymous_11)
FNF:6
FNH:5
FNDA:1,(anonymous_6)
FNDA:0,(anonymous_7)
FNDA:2,(anonymous_8)
FNDA:2,(anonymous_9)
FNDA:2,(anonymous_10)
FNDA:2,(anonymous_11)
DA:2,1
DA:4,1
DA:5,1
DA:6,1
DA:9,1
DA:10,0
DA:11,0
DA:12,0
DA:15,0
DA:17,0
DA:20,1
DA:21,2
DA:23,2
DA:24,2
DA:25,1
DA:27,1
DA:31,1
DA:32,2
DA:34,2
DA:35,2
DA:36,1
DA:37,1
DA:39,0
DA:42,1
DA:46,1
DA:47,2
DA:49,2
DA:50,2
DA:52,2
DA:53,2
DA:58,1
DA:60,1
DA:64,1
DA:65,2
DA:67,2
DA:68,2
DA:70,2
DA:71,2
DA:76,1
DA:78,1
LF:40
LH:34
BRDA:11,0,0,0
BRDA:36,1,0,1
BRDA:36,1,1,0
BRF:3
BRH:1
end_of_record
TN:
SF:src\services\riskService.ts
FN:16,(anonymous_0)
FN:20,(anonymous_1)
FN:41,(anonymous_2)
FN:42,(anonymous_3)
FN:51,(anonymous_4)
FN:52,(anonymous_5)
FN:58,(anonymous_6)
FN:62,(anonymous_7)
FN:63,(anonymous_8)
FN:75,(anonymous_9)
FN:76,(anonymous_10)
FNF:11
FNH:11
FNDA:3,(anonymous_0)
FNDA:2,(anonymous_1)
FNDA:6,(anonymous_2)
FNDA:10,(anonymous_3)
FNDA:4,(anonymous_4)
FNDA:6,(anonymous_5)
FNDA:5,(anonymous_6)
FNDA:4,(anonymous_7)
FNDA:5,(anonymous_8)
FNDA:4,(anonymous_9)
FNDA:5,(anonymous_10)
DA:3,2
DA:16,2
DA:17,3
DA:20,2
DA:21,2
DA:23,2
DA:24,1
DA:27,1
DA:28,1
DA:30,1
DA:36,1
DA:38,1
DA:41,2
DA:42,10
DA:44,6
DA:45,2
DA:48,4
DA:51,2
DA:52,6
DA:54,4
DA:55,2
DA:58,5
DA:59,2
DA:62,2
DA:63,5
DA:65,4
DA:66,2
DA:69,2
DA:70,2
DA:72,2
DA:75,2
DA:76,5
DA:78,4
DA:79,2
DA:82,2
DA:83,2
DA:85,2
LF:37
LH:37
BRDA:23,0,0,1
BRDA:28,1,0,1
BRDA:28,1,1,0
BRDA:44,2,0,2
BRDA:54,3,0,2
BRDA:65,4,0,2
BRDA:78,5,0,2
BRDA:82,6,0,2
BRDA:82,6,1,0
BRDA:82,7,0,2
BRDA:82,7,1,2
BRDA:83,8,0,1
BRDA:83,8,1,1
BRDA:83,9,0,2
BRDA:83,9,1,2
BRF:15
BRH:13
end_of_record
